<?xml version="1.0" encoding="UTF-8"?>
<!-- Generated by org.testng.reporters.JUnitReportReporter -->
<testsuite hostname="FLPUNQAL1082" name="AdminReport.Login" tests="1" failures="0" timestamp="12 Nov 2013 10:26:03 GMT" time="18.179" errors="0">
  <testcase name="testLoginAdmin" time="18.179" classname="AdminReport.Login"/>
</testsuite> <!-- AdminReport.Login -->
