<?xml version="1.0" encoding="UTF-8"?>
<!-- Generated by org.testng.reporters.JUnitReportReporter -->
<testsuite hostname="FLPUNQAL1082" name="com.ui.test.KaplanTestClass" tests="3" failures="0" timestamp="12 Nov 2013 12:59:29 GMT" time="103.258" errors="0">
  <testcase name="testInstAdminLogin" time="32.870" classname="com.ui.test.KaplanTestClass"/>
  <testcase name="createAdmin" time="35.883" classname="com.ui.test.KaplanTestClass"/>
  <testcase name="testKplanAdminLogin" time="34.505" classname="com.ui.test.KaplanTestClass"/>
</testsuite> <!-- com.ui.test.KaplanTestClass -->
